2021-05-17 05:31:12,975 - INFO - Loading data...
2021-05-17 05:31:12,979 - INFO - Loaded data shape is (303, 14)
2021-05-17 05:31:12,979 - INFO - Loading model...
2021-05-17 05:31:12,980 - INFO - Loaded model: LogisticRegression(solver='liblinear')
2021-05-17 05:31:12,992 - INFO - Preparing features...
2021-05-17 05:31:12,997 - INFO - Features shape is (303, 30)
2021-05-17 05:31:12,997 - INFO - Making predictions...
2021-05-17 05:31:12,997 - INFO - Predictions shape is (303,)
2021-05-17 05:31:12,997 - INFO - Saving predictions to models/predictions.csv...
2021-05-17 05:31:13,000 - INFO - Done.
2021-05-17 05:36:59,510 - INFO - Loading data...
2021-05-17 05:36:59,516 - INFO - Loaded data shape is (303, 14)
2021-05-17 05:36:59,516 - INFO - Loading model...
2021-05-17 05:36:59,518 - INFO - Loaded model: LogisticRegression(solver='liblinear')
2021-05-17 05:36:59,562 - INFO - Preparing features...
2021-05-17 05:36:59,569 - INFO - Features shape is (303, 30)
2021-05-17 05:36:59,569 - INFO - Making predictions...
2021-05-17 05:36:59,570 - INFO - Predictions shape is (303,)
2021-05-17 05:36:59,570 - INFO - Saving predictions to models/predictions.csv...
2021-05-17 05:36:59,573 - INFO - Done.
