2021-05-17 05:15:24,415 - INFO - Loading data...
2021-05-17 05:15:24,418 - INFO - Data shape is (303, 14)
2021-05-17 05:15:24,418 - INFO - Splitting dataset into train and test sets...
2021-05-17 05:15:24,421 - INFO - Train sample shape is (242, 13)
2021-05-17 05:15:24,421 - INFO - Test sample shape is (61, 13)
2021-05-17 05:15:24,434 - INFO - Transforming train features...
2021-05-17 05:15:24,440 - INFO - train_features.shape is (242, 30)
2021-05-17 05:15:24,441 - INFO - Building the model...
2021-05-17 05:15:24,442 - INFO - Transforming test features...
2021-05-17 05:15:24,448 - INFO - val_features.shape is (61, 30)
2021-05-17 05:15:24,448 - INFO - Making predictions...
2021-05-17 05:15:24,449 - INFO - Calculating metrics...
2021-05-17 05:15:24,454 - INFO - Accuracy score: 0.9180327868852459, ROC_AUC score: 0.8922619047619048.
2021-05-17 05:15:24,455 - INFO - Done.
2021-05-17 05:37:03,537 - INFO - Loading data...
2021-05-17 05:37:03,541 - INFO - Data shape is (303, 14)
2021-05-17 05:37:03,542 - INFO - Splitting dataset into train and test sets...
2021-05-17 05:37:03,545 - INFO - Train sample shape is (242, 13)
2021-05-17 05:37:03,545 - INFO - Test sample shape is (61, 13)
2021-05-17 05:37:03,556 - INFO - Transforming train features...
2021-05-17 05:37:03,562 - INFO - train_features.shape is (242, 30)
2021-05-17 05:37:03,562 - INFO - Building the model...
2021-05-17 05:37:03,566 - INFO - Transforming test features...
2021-05-17 05:37:03,572 - INFO - val_features.shape is (61, 30)
2021-05-17 05:37:03,572 - INFO - Making predictions...
2021-05-17 05:37:03,572 - INFO - Calculating metrics...
2021-05-17 05:37:03,574 - INFO - Accuracy score: 0.9180327868852459, ROC_AUC score: 0.8922619047619048.
2021-05-17 05:37:03,576 - INFO - Done.
